Running with t = 1
-1000
1000
71.673000

Running with t = 2
-1000
1000
37.274927

Running with t = 3
-1000
1000
38.903845

Running with t = 4
-1000
1000
31.184295

Running with t = 5
-1000
1000
29.722266

Running with t = 6
-1000
1000
22.902992

Running with t = 7
-1000
1000
22.439936

Running with t = 8
-1000
1000
23.352822

Running with t = 9
-1000
1000
19.282168

Running with t = 10
-1000
1000
20.462029

Running with t = 11
-1000
1000
18.600563

Running with t = 12
-1000
1000
19.553082

Running with t = 13
-1000
1000
17.851820

Running with t = 14
-1000
1000
19.732412

Running with t = 15
-1000
1000
19.034913

Running with t = 16
-1000
1000
19.297570

Running with t = 17
-1000
1000
19.577954

Running with t = 18
-1000
1000
18.780345

Running with t = 19
-1000
1000
18.933348

Running with t = 20
-1000
1000
16.779616

