Running with t = 1
2.533647
-5.607696
951.271666

Running with t = 2
25.901983
22.949131
487.754999

Running with t = 3
4.271373
5.676361
344.488250

Running with t = 4
5.660348
3.055443
266.571136

Running with t = 5
1.132826
-5.616250
220.411187

Running with t = 6
1.619345
-3.740186
187.300093

Running with t = 7
-4.464962
14.362859
169.688772

Running with t = 8
-13.075994
-12.324076
153.461203

Running with t = 9
-9.110799
0.343332
139.435258

Running with t = 10
-8.226879
-4.788712
125.627855

Running with t = 11
-14.633465
0.815316
128.171334

Running with t = 12
-4.652773
-20.103142
119.423734

Running with t = 13
17.120659
3.219816
109.455865

Running with t = 14
-5.774974
-9.780712
102.189632

Running with t = 15
8.007357
3.824503
96.978612

Running with t = 16
-3.761366
-14.461665
92.131980

Running with t = 17
2.018749
8.255368
87.129526

Running with t = 18
5.862897
-3.848487
82.618775

Running with t = 19
-12.221308
-2.146843
79.872813

Running with t = 20
-10.073681
-10.664656
74.986318

