Running with t = 1
8.20899
-0.174481
19.0987

Running with t = 2
13.0628
4.22401
11.8467

Running with t = 3
-1.94494
6.90231
8.6502

Running with t = 4
-2.1268
-0.339998
7.33564

Running with t = 5
6.07296
4.00849
5.96565

Running with t = 6
-4.39997
-8.97207
5.47091

Running with t = 7
-1.77866
-3.56859
4.70048

Running with t = 8
-11.6649
-10.7151
4.39175

Running with t = 9
8.32077
5.45769
4.8994

Running with t = 10
-2.66423
-5.49004
3.93369

Running with t = 11
1.09426
3.11754
4.2445

Running with t = 12
0.855754
-2.28998
4.37414

Running with t = 13
-3.50343
-3.94349
4.08942

Running with t = 14
6.64225
-1.11318
6.0218

Running with t = 15
-4.86796
-11.5461
5.25547

Running with t = 16
-13.3977
4.02731
3.7606

Running with t = 17
4.34784
-0.312763
3.55045

Running with t = 18
-5.13895
-3.50802
5.25458

Running with t = 19
-3.19263
11.1458
4.89746

Running with t = 20
11.0643
10.916
5.20679

