Running with t = 1
63408686759936.000000
0
7.274152

Running with t = 2
15864468340736.000000
1
3.994305

Running with t = 3
7069489430528.000000
0
2.847963

Running with t = 4
3976522366976.000000
1
2.160263

Running with t = 5
2544723558400.000000
0
1.806654

Running with t = 6
1767238139904.000000
5
2.752469

Running with t = 7
1297869570048.000000
6
2.530471

Running with t = 8
993732788224.000000
5
2.112424

Running with t = 9
786995675136.000000
8
1.871856

Running with t = 10
637397827584.000000
3
1.753398

